<?xml version="1.0" encoding="UTF-8"?>
<!-- Generated by org.testng.reporters.JUnitReportReporter -->
<testsuite skipped="0" hostname="M4L-FAC-SUNIL" name="testNG_Annotations.AlwaysRunTest" tests="3" failures="0" timestamp="15 Feb 2019 10:39:18 GMT" time="0.016" errors="0">
  <testcase name="Test3" time="0.000" classname="testNG_Annotations.AlwaysRunTest"/>
  <testcase name="Test1" time="0.016" classname="testNG_Annotations.AlwaysRunTest"/>
  <testcase name="Test2" time="0.000" classname="testNG_Annotations.AlwaysRunTest"/>
</testsuite> <!-- testNG_Annotations.AlwaysRunTest -->
