<?xml version="1.0" encoding="UTF-8"?>
<!-- Generated by org.testng.reporters.JUnitReportReporter -->
<testsuite skipped="0" hostname="M4L-FAC-SUNIL" name="testNG_Annotations.NewTest" tests="2" failures="0" timestamp="15 Feb 2019 11:00:21 GMT" time="32.928" errors="0">
  <testcase name="f" time="16.486" classname="testNG_Annotations.NewTest"/>
  <testcase name="f" time="16.442" classname="testNG_Annotations.NewTest"/>
</testsuite> <!-- testNG_Annotations.NewTest -->
