<?xml version="1.0" encoding="UTF-8"?>
<!-- Generated by org.testng.reporters.JUnitReportReporter -->
<testsuite skipped="0" hostname="M4L-FAC-SUNIL" name="testNG_Annotations.DependsOnMethod" tests="3" failures="0" timestamp="15 Feb 2019 10:35:05 GMT" time="12.301" errors="0">
  <testcase name="n" time="0.253" classname="testNG_Annotations.DependsOnMethod"/>
  <testcase name="launch" time="9.651" classname="testNG_Annotations.DependsOnMethod"/>
  <testcase name="m" time="2.397" classname="testNG_Annotations.DependsOnMethod"/>
</testsuite> <!-- testNG_Annotations.DependsOnMethod -->
