<?xml version="1.0" encoding="UTF-8"?>
<!-- Generated by org.testng.reporters.JUnitReportReporter -->
<testsuite skipped="0" hostname="M4L-FAC-SUNIL" name="testNG_Annotations.BeforeAfterAnnotations" tests="2" failures="0" timestamp="15 Feb 2019 10:47:34 GMT" time="16.174" errors="0">
  <testcase name="login" time="2.603" classname="testNG_Annotations.BeforeAfterAnnotations"/>
  <testcase name="logout" time="13.571" classname="testNG_Annotations.BeforeAfterAnnotations"/>
</testsuite> <!-- testNG_Annotations.BeforeAfterAnnotations -->
