<?xml version="1.0" encoding="UTF-8"?>
<!-- Generated by org.testng.reporters.JUnitReportReporter -->
<testsuite skipped="0" hostname="M4L-FAC-SUNIL" name="testNG_Annotations.GroupExercise1" tests="2" failures="0" timestamp="15 Feb 2019 10:49:52 GMT" time="0.015" errors="0">
  <testcase name="Test1" time="0.015" classname="testNG_Annotations.GroupExercise1"/>
  <testcase name="Test2" time="0.000" classname="testNG_Annotations.GroupExercise1"/>
</testsuite> <!-- testNG_Annotations.GroupExercise1 -->
