<?xml version="1.0" encoding="UTF-8"?>
<!-- Generated by org.testng.reporters.JUnitReportReporter -->
<testsuite skipped="0" hostname="M4L-FAC-SUNIL" name="testNG_Annotations.ParallelEnhanced" tests="2" failures="0" timestamp="15 Feb 2019 11:08:25 GMT" time="11.310" errors="0">
  <testcase name="Google" time="5.504" classname="testNG_Annotations.ParallelEnhanced"/>
  <testcase name="Google" time="5.806" classname="testNG_Annotations.ParallelEnhanced"/>
</testsuite> <!-- testNG_Annotations.ParallelEnhanced -->
