<?xml version="1.0" encoding="UTF-8"?>
<!-- Generated by org.testng.reporters.JUnitReportReporter -->
<testsuite hostname="M4L-FAC-MANZOOR" name="First_Program" tests="1" failures="0" timestamp="10 Mar 2017 15:10:02 GMT" time="7.765" errors="0">
  <testcase name="SimpleProgram" time="7.765" classname="First_Program"/>
</testsuite> <!-- First_Program -->
