<?xml version="1.0" encoding="UTF-8"?>
<!-- Generated by org.testng.reporters.JUnitReportReporter -->
<testsuite hostname="M4L-FAC-SUNIL" name="testNG_Annotations.ParalleleExecution" tests="3" failures="0" timestamp="17 Mar 2017 00:09:25 GMT" time="0.015" errors="0">
  <testcase name="Test1" time="0.015" classname="testNG_Annotations.ParalleleExecution"/>
  <testcase name="Test3" time="0.000" classname="testNG_Annotations.ParalleleExecution"/>
  <testcase name="Test2" time="0.000" classname="testNG_Annotations.ParalleleExecution"/>
</testsuite> <!-- testNG_Annotations.ParalleleExecution -->
