<?xml version="1.0" encoding="UTF-8"?>
<!-- Generated by org.testng.reporters.JUnitReportReporter -->
<testsuite hostname="M4L-FAC-MANZOOR" name="testNG_Annotations.PriorityzingTest" tests="3" failures="0" timestamp="12 Mar 2017 10:06:32 GMT" time="0.032" errors="0">
  <testcase name="test2" time="0.000" classname="testNG_Annotations.PriorityzingTest"/>
  <testcase name="test1" time="0.016" classname="testNG_Annotations.PriorityzingTest"/>
  <testcase name="test3" time="0.016" classname="testNG_Annotations.PriorityzingTest"/>
</testsuite> <!-- testNG_Annotations.PriorityzingTest -->
